2023-06-07 08:43:55,117 INFO org.hibernate.validator.internal.util.Version [background-preinit] HV000001: Hibernate Validator 6.2.5.Final
2023-06-07 08:43:55,130 INFO org.springframework.boot.StartupInfoLogger [restartedMain] Starting LanchoneteApplication using Java 17.0.7 on NO00435869 with PID 34548 (C:\Dev\learn\Fiap\Tech-Challenge\projeto\lanchonete\target\classes started by DV1F in C:\Dev\learn\Fiap\Tech-Challenge\projeto\lanchonete)
2023-06-07 08:43:55,131 INFO org.springframework.boot.SpringApplication [restartedMain] No active profile set, falling back to 1 default profile: "default"
2023-06-07 08:43:55,193 INFO org.springframework.boot.logging.DeferredLog [restartedMain] Devtools property defaults active! Set 'spring.devtools.add-properties' to 'false' to disable
2023-06-07 08:43:55,193 INFO org.springframework.boot.logging.DeferredLog [restartedMain] For additional web related logging consider setting the 'logging.level.web' property to 'DEBUG'
2023-06-07 08:43:56,453 INFO org.springframework.data.repository.config.RepositoryConfigurationDelegate [restartedMain] Bootstrapping Spring Data JPA repositories in DEFAULT mode.
2023-06-07 08:43:56,544 INFO org.springframework.data.repository.config.RepositoryConfigurationDelegate [restartedMain] Finished Spring Data repository scanning in 80 ms. Found 6 JPA repository interfaces.
2023-06-07 08:43:57,762 INFO org.springframework.boot.web.embedded.tomcat.TomcatWebServer [restartedMain] Tomcat initialized with port(s): 8081 (http)
2023-06-07 08:43:57,778 INFO org.apache.juli.logging.DirectJDKLog [restartedMain] Initializing ProtocolHandler ["http-nio-8081"]
2023-06-07 08:43:57,779 INFO org.apache.juli.logging.DirectJDKLog [restartedMain] Starting service [Tomcat]
2023-06-07 08:43:57,779 INFO org.apache.juli.logging.DirectJDKLog [restartedMain] Starting Servlet engine: [Apache Tomcat/9.0.73]
2023-06-07 08:43:57,894 INFO org.apache.juli.logging.DirectJDKLog [restartedMain] Initializing Spring embedded WebApplicationContext
2023-06-07 08:43:57,895 INFO org.springframework.boot.web.servlet.context.ServletWebServerApplicationContext [restartedMain] Root WebApplicationContext: initialization completed in 2701 ms
2023-06-07 08:43:57,961 INFO com.zaxxer.hikari.HikariDataSource [restartedMain] HikariPool-1 - Starting...
2023-06-07 08:43:58,243 INFO com.zaxxer.hikari.HikariDataSource [restartedMain] HikariPool-1 - Start completed.
2023-06-07 08:43:58,272 INFO org.springframework.boot.autoconfigure.h2.H2ConsoleAutoConfiguration [restartedMain] H2 console available at '/h2'. Database available at 'jdbc:h2:mem:lanchonete'
2023-06-07 08:43:58,442 INFO org.hibernate.jpa.internal.util.LogHelper [restartedMain] HHH000204: Processing PersistenceUnitInfo [name: default]
2023-06-07 08:43:58,518 INFO org.hibernate.Version [restartedMain] HHH000412: Hibernate ORM core version 5.6.15.Final
2023-06-07 08:43:58,738 INFO org.hibernate.annotations.common.reflection.java.JavaReflectionManager [restartedMain] HCANN000001: Hibernate Commons Annotations {5.1.2.Final}
2023-06-07 08:43:58,890 INFO org.hibernate.dialect.Dialect [restartedMain] HHH000400: Using dialect: org.hibernate.dialect.H2Dialect
2023-06-07 08:43:59,795 INFO org.hibernate.engine.transaction.jta.platform.internal.JtaPlatformInitiator [restartedMain] HHH000490: Using JtaPlatform implementation: [org.hibernate.engine.transaction.jta.platform.internal.NoJtaPlatform]
2023-06-07 08:43:59,806 INFO org.springframework.orm.jpa.AbstractEntityManagerFactoryBean [restartedMain] Initialized JPA EntityManagerFactory for persistence unit 'default'
2023-06-07 08:44:00,513 WARN org.springframework.boot.autoconfigure.orm.jpa.JpaBaseConfiguration$JpaWebConfiguration [restartedMain] spring.jpa.open-in-view is enabled by default. Therefore, database queries may be performed during view rendering. Explicitly configure spring.jpa.open-in-view to disable this warning
2023-06-07 08:44:00,644 INFO springfox.documentation.spring.web.PropertySourcedRequestMappingHandlerMapping [restartedMain] Mapped URL path [/v2/api-docs] onto method [springfox.documentation.swagger2.web.Swagger2Controller#getDocumentation(String, HttpServletRequest)]
2023-06-07 08:44:00,787 INFO org.springframework.boot.devtools.autoconfigure.OptionalLiveReloadServer [restartedMain] LiveReload server is running on port 35729
2023-06-07 08:44:00,933 INFO org.apache.juli.logging.DirectJDKLog [restartedMain] Starting ProtocolHandler ["http-nio-8081"]
2023-06-07 08:44:00,966 INFO org.springframework.boot.web.embedded.tomcat.TomcatWebServer [restartedMain] Tomcat started on port(s): 8081 (http) with context path '/fiap'
2023-06-07 08:44:00,967 INFO springfox.documentation.spring.web.plugins.DocumentationPluginsBootstrapper [restartedMain] Context refreshed
2023-06-07 08:44:00,988 INFO springfox.documentation.spring.web.plugins.DocumentationPluginsBootstrapper [restartedMain] Found 1 custom documentation plugin(s)
2023-06-07 08:44:01,015 INFO springfox.documentation.spring.web.scanners.ApiListingReferenceScanner [restartedMain] Scanning for api listing references
2023-06-07 08:44:01,146 INFO springfox.documentation.spring.web.readers.operation.CachingOperationNameGenerator [restartedMain] Generating unique operation named: alterarUsingPUT_1
2023-06-07 08:44:01,150 INFO springfox.documentation.spring.web.readers.operation.CachingOperationNameGenerator [restartedMain] Generating unique operation named: excluirUsingDELETE_1
2023-06-07 08:44:01,152 INFO springfox.documentation.spring.web.readers.operation.CachingOperationNameGenerator [restartedMain] Generating unique operation named: incluirUsingPOST_1
2023-06-07 08:44:01,154 INFO springfox.documentation.spring.web.readers.operation.CachingOperationNameGenerator [restartedMain] Generating unique operation named: listarUsingGET_1
2023-06-07 08:44:01,155 INFO springfox.documentation.spring.web.readers.operation.CachingOperationNameGenerator [restartedMain] Generating unique operation named: pesquisarUsingGET_1
2023-06-07 08:44:01,167 INFO springfox.documentation.spring.web.readers.operation.CachingOperationNameGenerator [restartedMain] Generating unique operation named: alterarUsingPUT_2
2023-06-07 08:44:01,169 INFO springfox.documentation.spring.web.readers.operation.CachingOperationNameGenerator [restartedMain] Generating unique operation named: excluirUsingDELETE_2
2023-06-07 08:44:01,170 INFO springfox.documentation.spring.web.readers.operation.CachingOperationNameGenerator [restartedMain] Generating unique operation named: incluirUsingPOST_2
2023-06-07 08:44:01,171 INFO springfox.documentation.spring.web.readers.operation.CachingOperationNameGenerator [restartedMain] Generating unique operation named: listarUsingGET_2
2023-06-07 08:44:01,182 INFO springfox.documentation.spring.web.readers.operation.CachingOperationNameGenerator [restartedMain] Generating unique operation named: alterarUsingPUT_3
2023-06-07 08:44:01,185 INFO springfox.documentation.spring.web.readers.operation.CachingOperationNameGenerator [restartedMain] Generating unique operation named: excluirUsingDELETE_3
2023-06-07 08:44:01,187 INFO springfox.documentation.spring.web.readers.operation.CachingOperationNameGenerator [restartedMain] Generating unique operation named: incluirUsingPOST_3
2023-06-07 08:44:01,188 INFO springfox.documentation.spring.web.readers.operation.CachingOperationNameGenerator [restartedMain] Generating unique operation named: listarUsingGET_3
2023-06-07 08:44:01,189 INFO springfox.documentation.spring.web.readers.operation.CachingOperationNameGenerator [restartedMain] Generating unique operation named: pesquisarUsingGET_2
2023-06-07 08:44:01,212 INFO org.springframework.boot.StartupInfoLogger [restartedMain] Started LanchoneteApplication in 6.657 seconds (JVM running for 8.413)
2023-06-07 08:44:01,318 INFO br.com.fiap.lanchonete.config.DataInitializationConfig [restartedMain] ******* Inserir logradouro na base de dados*******
2023-06-07 08:44:01,406 INFO br.com.fiap.lanchonete.config.DataInitializationConfig [restartedMain] ******* Inserir categoria na base de dados*******
2023-06-07 08:44:01,416 INFO br.com.fiap.lanchonete.config.DataInitializationConfig [restartedMain] ******* Inserir produtos Batata frita na base de dados*******
2023-06-07 08:44:01,427 INFO br.com.fiap.lanchonete.config.DataInitializationConfig [restartedMain] ******* Inserir produtos Bebidas na base de dados*******
2023-06-07 08:44:01,433 INFO br.com.fiap.lanchonete.config.DataInitializationConfig [restartedMain] ******* Inserir produtos Hambúrgueres na base de dados*******
2023-06-07 08:44:01,438 INFO br.com.fiap.lanchonete.config.DataInitializationConfig [restartedMain] ******* Inserir produtos Hot dogs na base de dados*******
2023-06-07 08:44:01,442 INFO br.com.fiap.lanchonete.config.DataInitializationConfig [restartedMain] ******* Inserir produtos Saladas na base de dados*******
2023-06-07 08:44:01,447 INFO br.com.fiap.lanchonete.config.DataInitializationConfig [restartedMain] ******* Inserir produtos Saladas na base de dados*******
2023-06-07 08:44:01,452 INFO br.com.fiap.lanchonete.config.DataInitializationConfig [restartedMain] ******* Inserir produtos Sobremesas na base de dados*******
2023-06-07 08:44:46,862 INFO org.apache.juli.logging.DirectJDKLog [http-nio-8081-exec-3] Initializing Spring DispatcherServlet 'dispatcherServlet'
2023-06-07 08:44:46,862 INFO org.springframework.web.servlet.FrameworkServlet [http-nio-8081-exec-3] Initializing Servlet 'dispatcherServlet'
2023-06-07 08:44:46,863 INFO org.springframework.web.servlet.FrameworkServlet [http-nio-8081-exec-3] Completed initialization in 1 ms
2023-06-07 08:44:46,899 INFO br.com.fiap.lanchonete.controller.ClientesController [http-nio-8081-exec-3] Pesquisar todos os clientes
2023-06-07 08:44:46,900 INFO br.com.fiap.lanchonete.service.impl.ClientesServiceImpl [http-nio-8081-exec-3] Pesquisar todos os clientes
2023-06-07 08:44:46,910 INFO br.com.fiap.lanchonete.service.impl.ClientesServiceImpl [http-nio-8081-exec-3] Clientes encontrados
2023-06-07 08:45:16,688 WARN org.springframework.web.servlet.handler.AbstractHandlerExceptionResolver [http-nio-8081-exec-5] Resolved [org.springframework.web.bind.MethodArgumentNotValidException: Validation failed for argument [0] in public org.springframework.http.ResponseEntity<java.lang.Object> br.com.fiap.lanchonete.controller.ClientesController.incluir(br.com.fiap.lanchonete.dtos.ClientesDto): [Field error in object 'clientesDto' on field 'telefone': rejected value [99 99999-9999]; codes [Pattern.clientesDto.telefone,Pattern.telefone,Pattern.java.lang.String,Pattern]; arguments [org.springframework.context.support.DefaultMessageSourceResolvable: codes [clientesDto.telefone,telefone]; arguments []; default message [telefone],[Ljavax.validation.constraints.Pattern$Flag;@68f12df3,\([0-9]{2}\)\s[0-9]{4,5}-[0-9]{4}]; default message [Formato de telefone inválido. Use o formato (99) 99999-9999]] ]
2023-06-07 08:45:31,825 INFO org.springframework.boot.admin.SpringApplicationAdminMXBeanRegistrar$SpringApplicationAdmin [RMI TCP Connection(6)-127.0.0.1] Application shutdown requested.
2023-06-07 08:45:31,849 INFO org.apache.juli.logging.DirectJDKLog [RMI TCP Connection(6)-127.0.0.1] Pausing ProtocolHandler ["http-nio-8081"]
2023-06-07 08:45:31,851 INFO org.apache.juli.logging.DirectJDKLog [RMI TCP Connection(6)-127.0.0.1] Stopping service [Tomcat]
2023-06-07 08:45:31,855 INFO org.apache.juli.logging.DirectJDKLog [RMI TCP Connection(6)-127.0.0.1] Destroying Spring FrameworkServlet 'dispatcherServlet'
2023-06-07 08:45:31,859 INFO org.apache.juli.logging.DirectJDKLog [RMI TCP Connection(6)-127.0.0.1] Stopping ProtocolHandler ["http-nio-8081"]
2023-06-07 08:45:31,874 INFO org.apache.juli.logging.DirectJDKLog [RMI TCP Connection(6)-127.0.0.1] Destroying ProtocolHandler ["http-nio-8081"]
2023-06-07 08:45:31,882 INFO org.springframework.orm.jpa.AbstractEntityManagerFactoryBean [RMI TCP Connection(6)-127.0.0.1] Closing JPA EntityManagerFactory for persistence unit 'default'
2023-06-07 08:45:32,102 WARN org.springframework.beans.factory.support.DisposableBeanAdapter [RMI TCP Connection(6)-127.0.0.1] Invocation of destroy method failed on bean with name 'inMemoryDatabaseShutdownExecutor': org.h2.jdbc.JdbcSQLNonTransientConnectionException: Database is already closed (to disable automatic closing at VM shutdown, add ";DB_CLOSE_ON_EXIT=FALSE" to the db URL) [90121-214]
2023-06-07 08:45:32,103 INFO com.zaxxer.hikari.HikariDataSource [RMI TCP Connection(6)-127.0.0.1] HikariPool-1 - Shutdown initiated...
2023-06-07 08:45:32,106 INFO com.zaxxer.hikari.HikariDataSource [RMI TCP Connection(6)-127.0.0.1] HikariPool-1 - Shutdown completed.
